
*** Running vivado
    with args -log top.vds -m64 -product Vivado -mode batch -messageDb vivado.pb -notrace -source top.tcl



****** Vivado v2025.1 (64-bit)
  **** SW Build 6140274 on Thu May 22 00:12:29 MDT 2025
  **** IP Build 6138677 on Thu May 22 03:10:11 MDT 2025
  **** SharedData Build 6139179 on Tue May 20 17:58:58 MDT 2025
  **** Start of session at: Sun Dec 14 17:32:21 2025
    ** Copyright 1986-2022 Xilinx, Inc. All Rights Reserved.
    ** Copyright 2022-2025 Advanced Micro Devices, Inc. All Rights Reserved.

source top.tcl -notrace
create_project: Time (s): cpu = 00:00:11 ; elapsed = 00:00:09 . Memory (MB): peak = 589.438 ; gain = 210.762
Command: read_checkpoint -auto_incremental -incremental C:/Users/mpste/digital_lock_project/digital_lock_project.srcs/utils_1/imports/synth_1/top.dcp
INFO: [Vivado 12-5825] Read reference checkpoint from C:/Users/mpste/digital_lock_project/digital_lock_project.srcs/utils_1/imports/synth_1/top.dcp for incremental synthesis
INFO: [Vivado 12-7989] Please ensure there are no constraint changes
Command: synth_design -top top -part xc7a100tcsg324-1
Starting synth_design
Attempting to get a license for feature 'Synthesis' and/or device 'xc7a100t'
INFO: [Common 17-349] Got license for feature 'Synthesis' and/or device 'xc7a100t'
INFO: [Device 21-403] Loading part xc7a100tcsg324-1
INFO: [Designutils 20-5440] No compile time benefit to using incremental synthesis; A full resynthesis will be run
INFO: [Designutils 20-4379] Flow is switching to default flow due to incremental criteria not met. If you would like to alter this behaviour and have the flow terminate instead, please set the following parameter config_implementation {autoIncr.Synth.RejectBehavior Terminate}
INFO: [Synth 8-7079] Multithreading enabled for synth_design using a maximum of 2 processes.
INFO: [Synth 8-7078] Launching helper process for spawning children vivado processes
INFO: [Synth 8-7075] Helper process launched with PID 30296
---------------------------------------------------------------------------------
Starting RTL Elaboration : Time (s): cpu = 00:00:07 ; elapsed = 00:00:07 . Memory (MB): peak = 1296.297 ; gain = 494.230
---------------------------------------------------------------------------------
INFO: [Synth 8-6157] synthesizing module 'top' [C:/Users/mpste/digital_lock_project/digital_lock_project.srcs/sources_1/imports/Downloads/top.v:3]
INFO: [Synth 8-6157] synthesizing module 'button_debouncer' [C:/Users/mpste/digital_lock_project/digital_lock_project.srcs/sources_1/imports/Downloads/button_debouncer.v:3]
INFO: [Synth 8-6155] done synthesizing module 'button_debouncer' (0#1) [C:/Users/mpste/digital_lock_project/digital_lock_project.srcs/sources_1/imports/Downloads/button_debouncer.v:3]
INFO: [Synth 8-6157] synthesizing module 'clock_divider' [C:/Users/mpste/digital_lock_project/digital_lock_project.srcs/sources_1/imports/Downloads/clock_divider.v:23]
INFO: [Synth 8-6155] done synthesizing module 'clock_divider' (0#1) [C:/Users/mpste/digital_lock_project/digital_lock_project.srcs/sources_1/imports/Downloads/clock_divider.v:23]
INFO: [Synth 8-6157] synthesizing module 'digit_selector' [C:/Users/mpste/digital_lock_project/digital_lock_project.srcs/sources_1/imports/Downloads/digit_selector.v:3]
INFO: [Synth 8-6155] done synthesizing module 'digit_selector' (0#1) [C:/Users/mpste/digital_lock_project/digital_lock_project.srcs/sources_1/imports/Downloads/digit_selector.v:3]
INFO: [Synth 8-6157] synthesizing module 'fsm_controller' [C:/Users/mpste/digital_lock_project/digital_lock_project.srcs/sources_1/imports/Downloads/fsm_controller.v:22]
INFO: [Synth 8-6155] done synthesizing module 'fsm_controller' (0#1) [C:/Users/mpste/digital_lock_project/digital_lock_project.srcs/sources_1/imports/Downloads/fsm_controller.v:22]
INFO: [Synth 8-6157] synthesizing module 'seven_segment_driver' [C:/Users/mpste/digital_lock_project/digital_lock_project.srcs/sources_1/imports/Downloads/seven_segment_driver.v:3]
INFO: [Synth 8-6155] done synthesizing module 'seven_segment_driver' (0#1) [C:/Users/mpste/digital_lock_project/digital_lock_project.srcs/sources_1/imports/Downloads/seven_segment_driver.v:3]
WARNING: [Synth 8-7071] port 'enable_digits' of module 'seven_segment_driver' is unconnected for instance 'disp' [C:/Users/mpste/digital_lock_project/digital_lock_project.srcs/sources_1/imports/Downloads/top.v:71]
WARNING: [Synth 8-7071] port 'cursor_pos' of module 'seven_segment_driver' is unconnected for instance 'disp' [C:/Users/mpste/digital_lock_project/digital_lock_project.srcs/sources_1/imports/Downloads/top.v:71]
WARNING: [Synth 8-7071] port 'show_correct' of module 'seven_segment_driver' is unconnected for instance 'disp' [C:/Users/mpste/digital_lock_project/digital_lock_project.srcs/sources_1/imports/Downloads/top.v:71]
WARNING: [Synth 8-7071] port 'show_wrong' of module 'seven_segment_driver' is unconnected for instance 'disp' [C:/Users/mpste/digital_lock_project/digital_lock_project.srcs/sources_1/imports/Downloads/top.v:71]
WARNING: [Synth 8-7023] instance 'disp' of module 'seven_segment_driver' has 11 connections declared, but only 7 given [C:/Users/mpste/digital_lock_project/digital_lock_project.srcs/sources_1/imports/Downloads/top.v:71]
INFO: [Synth 8-6155] done synthesizing module 'top' (0#1) [C:/Users/mpste/digital_lock_project/digital_lock_project.srcs/sources_1/imports/Downloads/top.v:3]
WARNING: [Synth 8-6014] Unused sequential element match_latched_reg was removed.  [C:/Users/mpste/digital_lock_project/digital_lock_project.srcs/sources_1/imports/Downloads/fsm_controller.v:102]
WARNING: [Synth 8-7137] Register blink_target_reg in module fsm_controller has both Set and reset with same priority. This may cause simulation mismatches. Consider rewriting code  [C:/Users/mpste/digital_lock_project/digital_lock_project.srcs/sources_1/imports/Downloads/fsm_controller.v:107]
WARNING: [Synth 8-3917] design top has port led[15] driven by constant 0
WARNING: [Synth 8-3917] design top has port led[14] driven by constant 0
WARNING: [Synth 8-3917] design top has port led[13] driven by constant 0
WARNING: [Synth 8-3917] design top has port led[12] driven by constant 0
WARNING: [Synth 8-3917] design top has port led[11] driven by constant 0
WARNING: [Synth 8-3917] design top has port led[10] driven by constant 0
WARNING: [Synth 8-3917] design top has port led[9] driven by constant 0
WARNING: [Synth 8-3917] design top has port led[8] driven by constant 0
WARNING: [Synth 8-3917] design top has port led[7] driven by constant 0
WARNING: [Synth 8-3917] design top has port led[6] driven by constant 0
WARNING: [Synth 8-3917] design top has port led[5] driven by constant 0
WARNING: [Synth 8-7129] Port enable_digits in module seven_segment_driver is either unconnected or has no load
WARNING: [Synth 8-7129] Port cursor_pos[1] in module seven_segment_driver is either unconnected or has no load
WARNING: [Synth 8-7129] Port cursor_pos[0] in module seven_segment_driver is either unconnected or has no load
WARNING: [Synth 8-7129] Port sw[3] in module top is either unconnected or has no load
---------------------------------------------------------------------------------
Finished RTL Elaboration : Time (s): cpu = 00:00:08 ; elapsed = 00:00:09 . Memory (MB): peak = 1405.949 ; gain = 603.883
---------------------------------------------------------------------------------
---------------------------------------------------------------------------------
Start Handling Custom Attributes
---------------------------------------------------------------------------------
---------------------------------------------------------------------------------
Finished Handling Custom Attributes : Time (s): cpu = 00:00:09 ; elapsed = 00:00:09 . Memory (MB): peak = 1405.949 ; gain = 603.883
---------------------------------------------------------------------------------
---------------------------------------------------------------------------------
Finished RTL Optimization Phase 1 : Time (s): cpu = 00:00:09 ; elapsed = 00:00:09 . Memory (MB): peak = 1405.949 ; gain = 603.883
---------------------------------------------------------------------------------
Netlist sorting complete. Time (s): cpu = 00:00:00 ; elapsed = 00:00:00.005 . Memory (MB): peak = 1405.949 ; gain = 0.000
INFO: [Project 1-570] Preparing netlist for logic optimization

Processing XDC Constraints
Initializing timing engine
Parsing XDC File [C:/Users/mpste/digital_lock_project/digital_lock_project.srcs/constrs_1/imports/Downloads/top.xdc]
Finished Parsing XDC File [C:/Users/mpste/digital_lock_project/digital_lock_project.srcs/constrs_1/imports/Downloads/top.xdc]
INFO: [Project 1-236] Implementation specific constraints were found while reading constraint file [C:/Users/mpste/digital_lock_project/digital_lock_project.srcs/constrs_1/imports/Downloads/top.xdc]. These constraints will be ignored for synthesis but will be used in implementation. Impacted constraints are listed in the file [.Xil/top_propImpl.xdc].
Resolution: To avoid this warning, move constraints listed in [.Xil/top_propImpl.xdc] to another XDC file and exclude this new file from synthesis with the used_in_synthesis property (File Properties dialog in GUI) and re-run elaboration/synthesis.
Completed Processing XDC Constraints

Netlist sorting complete. Time (s): cpu = 00:00:00 ; elapsed = 00:00:00 . Memory (MB): peak = 1441.859 ; gain = 0.000
INFO: [Project 1-111] Unisim Transformation Summary:
No Unisim elements were transformed.

Constraint Validation Runtime : Time (s): cpu = 00:00:00 ; elapsed = 00:00:00.005 . Memory (MB): peak = 1441.859 ; gain = 0.000
INFO: [Designutils 20-5440] No compile time benefit to using incremental synthesis; A full resynthesis will be run
INFO: [Designutils 20-4379] Flow is switching to default flow due to incremental criteria not met. If you would like to alter this behaviour and have the flow terminate instead, please set the following parameter config_implementation {autoIncr.Synth.RejectBehavior Terminate}
---------------------------------------------------------------------------------
Finished Constraint Validation : Time (s): cpu = 00:00:19 ; elapsed = 00:00:23 . Memory (MB): peak = 1441.859 ; gain = 639.793
---------------------------------------------------------------------------------
---------------------------------------------------------------------------------
Start Loading Part and Timing Information
---------------------------------------------------------------------------------
Loading part: xc7a100tcsg324-1
---------------------------------------------------------------------------------
Finished Loading Part and Timing Information : Time (s): cpu = 00:00:19 ; elapsed = 00:00:23 . Memory (MB): peak = 1441.859 ; gain = 639.793
---------------------------------------------------------------------------------
---------------------------------------------------------------------------------
Start Applying 'set_property' XDC Constraints
---------------------------------------------------------------------------------
---------------------------------------------------------------------------------
Finished applying 'set_property' XDC Constraints : Time (s): cpu = 00:00:19 ; elapsed = 00:00:23 . Memory (MB): peak = 1441.859 ; gain = 639.793
---------------------------------------------------------------------------------
---------------------------------------------------------------------------------
Finished RTL Optimization Phase 2 : Time (s): cpu = 00:00:19 ; elapsed = 00:00:24 . Memory (MB): peak = 1441.859 ; gain = 639.793
---------------------------------------------------------------------------------
---------------------------------------------------------------------------------
Start RTL Component Statistics 
---------------------------------------------------------------------------------
Detailed RTL Component Info : 
+---Adders : 
	   2 Input   32 Bit       Adders := 2     
	   2 Input   17 Bit       Adders := 5     
	   2 Input    5 Bit       Adders := 1     
	   2 Input    4 Bit       Adders := 4     
	   2 Input    2 Bit       Adders := 2     
+---Registers : 
	               32 Bit    Registers := 2     
	               17 Bit    Registers := 5     
	                5 Bit    Registers := 2     
	                4 Bit    Registers := 4     
	                2 Bit    Registers := 2     
	                1 Bit    Registers := 35    
+---Muxes : 
	   2 Input   17 Bit        Muxes := 10    
	   4 Input    8 Bit        Muxes := 1     
	   2 Input    5 Bit        Muxes := 1     
	   2 Input    4 Bit        Muxes := 5     
	   4 Input    4 Bit        Muxes := 2     
	   2 Input    2 Bit        Muxes := 1     
	   2 Input    1 Bit        Muxes := 28    
	   4 Input    1 Bit        Muxes := 4     
---------------------------------------------------------------------------------
Finished RTL Component Statistics 
---------------------------------------------------------------------------------
---------------------------------------------------------------------------------
Start Part Resource Summary
---------------------------------------------------------------------------------
Part Resources:
DSPs: 240 (col length:80)
BRAMs: 270 (col length: RAMB18 80 RAMB36 40)
---------------------------------------------------------------------------------
Finished Part Resource Summary
---------------------------------------------------------------------------------
---------------------------------------------------------------------------------
Start Cross Boundary and Area Optimization
---------------------------------------------------------------------------------
WARNING: [Synth 8-7080] Parallel synthesis criteria is not met
WARNING: [Synth 8-3917] design top has port seg[7] driven by constant 1
WARNING: [Synth 8-3917] design top has port an[7] driven by constant 1
WARNING: [Synth 8-3917] design top has port an[6] driven by constant 1
WARNING: [Synth 8-3917] design top has port an[5] driven by constant 1
WARNING: [Synth 8-3917] design top has port an[4] driven by constant 1
WARNING: [Synth 8-3917] design top has port led[15] driven by constant 0
WARNING: [Synth 8-3917] design top has port led[14] driven by constant 0
WARNING: [Synth 8-3917] design top has port led[13] driven by constant 0
WARNING: [Synth 8-3917] design top has port led[12] driven by constant 0
WARNING: [Synth 8-3917] design top has port led[11] driven by constant 0
WARNING: [Synth 8-3917] design top has port led[10] driven by constant 0
WARNING: [Synth 8-3917] design top has port led[9] driven by constant 0
WARNING: [Synth 8-3917] design top has port led[8] driven by constant 0
WARNING: [Synth 8-3917] design top has port led[7] driven by constant 0
WARNING: [Synth 8-3917] design top has port led[6] driven by constant 0
WARNING: [Synth 8-3917] design top has port led[5] driven by constant 0
WARNING: [Synth 8-7129] Port sw[3] in module top is either unconnected or has no load
---------------------------------------------------------------------------------
Finished Cross Boundary and Area Optimization : Time (s): cpu = 00:00:24 ; elapsed = 00:00:30 . Memory (MB): peak = 1465.578 ; gain = 663.512
---------------------------------------------------------------------------------
---------------------------------------------------------------------------------
Start Applying XDC Timing Constraints
---------------------------------------------------------------------------------
---------------------------------------------------------------------------------
Finished Applying XDC Timing Constraints : Time (s): cpu = 00:00:31 ; elapsed = 00:00:38 . Memory (MB): peak = 1607.590 ; gain = 805.523
---------------------------------------------------------------------------------
---------------------------------------------------------------------------------
Start Timing Optimization
---------------------------------------------------------------------------------
---------------------------------------------------------------------------------
Finished Timing Optimization : Time (s): cpu = 00:00:31 ; elapsed = 00:00:39 . Memory (MB): peak = 1629.836 ; gain = 827.770
---------------------------------------------------------------------------------
---------------------------------------------------------------------------------
Start Technology Mapping
---------------------------------------------------------------------------------
---------------------------------------------------------------------------------
Finished Technology Mapping : Time (s): cpu = 00:00:31 ; elapsed = 00:00:39 . Memory (MB): peak = 1630.625 ; gain = 828.559
---------------------------------------------------------------------------------
---------------------------------------------------------------------------------
Start IO Insertion
---------------------------------------------------------------------------------
---------------------------------------------------------------------------------
Start Flattening Before IO Insertion
---------------------------------------------------------------------------------
---------------------------------------------------------------------------------
Finished Flattening Before IO Insertion
---------------------------------------------------------------------------------
---------------------------------------------------------------------------------
Start Final Netlist Cleanup
---------------------------------------------------------------------------------
---------------------------------------------------------------------------------
Finished Final Netlist Cleanup
---------------------------------------------------------------------------------
---------------------------------------------------------------------------------
Finished IO Insertion : Time (s): cpu = 00:00:37 ; elapsed = 00:00:45 . Memory (MB): peak = 1852.906 ; gain = 1050.840
---------------------------------------------------------------------------------
---------------------------------------------------------------------------------
Start Renaming Generated Instances
---------------------------------------------------------------------------------
---------------------------------------------------------------------------------
Finished Renaming Generated Instances : Time (s): cpu = 00:00:37 ; elapsed = 00:00:45 . Memory (MB): peak = 1852.906 ; gain = 1050.840
---------------------------------------------------------------------------------
---------------------------------------------------------------------------------
Start Rebuilding User Hierarchy
---------------------------------------------------------------------------------
---------------------------------------------------------------------------------
Finished Rebuilding User Hierarchy : Time (s): cpu = 00:00:37 ; elapsed = 00:00:45 . Memory (MB): peak = 1852.906 ; gain = 1050.840
---------------------------------------------------------------------------------
---------------------------------------------------------------------------------
Start Renaming Generated Ports
---------------------------------------------------------------------------------
---------------------------------------------------------------------------------
Finished Renaming Generated Ports : Time (s): cpu = 00:00:37 ; elapsed = 00:00:45 . Memory (MB): peak = 1852.906 ; gain = 1050.840
---------------------------------------------------------------------------------
---------------------------------------------------------------------------------
Start Handling Custom Attributes
---------------------------------------------------------------------------------
---------------------------------------------------------------------------------
Finished Handling Custom Attributes : Time (s): cpu = 00:00:37 ; elapsed = 00:00:45 . Memory (MB): peak = 1852.906 ; gain = 1050.840
---------------------------------------------------------------------------------
---------------------------------------------------------------------------------
Start Renaming Generated Nets
---------------------------------------------------------------------------------
---------------------------------------------------------------------------------
Finished Renaming Generated Nets : Time (s): cpu = 00:00:37 ; elapsed = 00:00:45 . Memory (MB): peak = 1852.906 ; gain = 1050.840
---------------------------------------------------------------------------------
---------------------------------------------------------------------------------
Start Writing Synthesis Report
---------------------------------------------------------------------------------

Report BlackBoxes: 
+-+--------------+----------+
| |BlackBox name |Instances |
+-+--------------+----------+
+-+--------------+----------+

Report Cell Usage: 
+------+-------+------+
|      |Cell   |Count |
+------+-------+------+
|1     |BUFG   |     1|
|2     |CARRY4 |    36|
|3     |LUT1   |     3|
|4     |LUT2   |    99|
|5     |LUT3   |     7|
|6     |LUT4   |    43|
|7     |LUT5   |    75|
|8     |LUT6   |    44|
|9     |FDCE   |   197|
|10    |FDRE   |    13|
|11    |IBUF   |     9|
|12    |OBUF   |    32|
+------+-------+------+
---------------------------------------------------------------------------------
Finished Writing Synthesis Report : Time (s): cpu = 00:00:37 ; elapsed = 00:00:45 . Memory (MB): peak = 1852.906 ; gain = 1050.840
---------------------------------------------------------------------------------
Synthesis finished with 0 errors, 0 critical warnings and 18 warnings.
Synthesis Optimization Runtime : Time (s): cpu = 00:00:26 ; elapsed = 00:00:40 . Memory (MB): peak = 1852.906 ; gain = 1014.930
Synthesis Optimization Complete : Time (s): cpu = 00:00:37 ; elapsed = 00:00:45 . Memory (MB): peak = 1852.906 ; gain = 1050.840
INFO: [Project 1-571] Translating synthesized netlist
Netlist sorting complete. Time (s): cpu = 00:00:00 ; elapsed = 00:00:00.004 . Memory (MB): peak = 1858.938 ; gain = 0.000
INFO: [Netlist 29-17] Analyzing 36 Unisim elements for replacement
INFO: [Netlist 29-28] Unisim Transformation completed in 0 CPU seconds
INFO: [Project 1-570] Preparing netlist for logic optimization
INFO: [Opt 31-138] Pushed 0 inverter(s) to 0 load pin(s).
Netlist sorting complete. Time (s): cpu = 00:00:00 ; elapsed = 00:00:00 . Memory (MB): peak = 1863.598 ; gain = 0.000
INFO: [Project 1-111] Unisim Transformation Summary:
No Unisim elements were transformed.

Synth Design complete | Checksum: 18383c7d
INFO: [Common 17-83] Releasing license: Synthesis
33 Infos, 40 Warnings, 0 Critical Warnings and 0 Errors encountered.
synth_design completed successfully
synth_design: Time (s): cpu = 00:00:41 ; elapsed = 00:00:56 . Memory (MB): peak = 1863.598 ; gain = 1261.266
Write ShapeDB Complete: Time (s): cpu = 00:00:00 ; elapsed = 00:00:00.003 . Memory (MB): peak = 1863.598 ; gain = 0.000
INFO: [Common 17-1381] The checkpoint 'C:/Users/mpste/digital_lock_project/digital_lock_project.runs/synth_1/top.dcp' has been generated.
INFO: [Vivado 12-24828] Executing command : report_utilization -file top_utilization_synth.rpt -pb top_utilization_synth.pb
INFO: [Common 17-206] Exiting Vivado at Sun Dec 14 17:33:34 2025...
